Version:1.1.1：
發佈FMiCa-TW18x最終版本 [停止新增程式]
改為修復FMiCa-TW18x的Bug為主
主力將放在Linux mint cinnamon 19.x系列

Version:2.0.0 前可能開發目標：
 0.Adobe Brackets 網頁編輯器 （完成）
 1.Notepadqq 編輯器 （完成）
 2.Conky 桌面監控 （完成）
 3.Openshot 影像編輯 （完成）
 4.lolcat 彩色功能 （完成）
 5.neofetch 資料顯示 （完成）
 6.mato-icon 新增圖標 （完成）
 7.emerald-icon-theme 新增圖標 （完成）
 8.papirus-icon-theme 新增圖標 （完成）

Version:2.1.0前開發目標：
 0.方程式化使程式結構完整 （廢棄）
 1.增加argv -h -v等選項處理 （完成）
 2.增加外掛程式安裝 （待研究）
 3.teamviewer 遠端 （完成）
 4.steam 遊戲平台 （完成）
 5.簡化顯示的 -qqy選項 （完成）
 6.部份語法修正（完成）
 7.等化器PulseAudio安裝 （完成）
 8.gcc g++ ... 安裝 （完成）
 9.clang安裝 （完成）


[無限期延後]
Version：2.2.0前開發目標：
 0.lmms 音樂製作
 1.emacs 編輯器
 2.traceroute 封包監控
 3.openssh-server SSH
 4.wireshark 封包監控
 5.LAMP/LNMP/XAMPP 安裝 
 6.其他可選音樂播放器安裝 
 7.iBus輸入法 
 8.xenlism 主題
 9.chrome安裝修復

[中止]
GUIVersion(GUI開發計畫）：
  實做以Python與TK實做基本的GUI安裝界面，進行簡單的安裝。設定上也比CLI模式簡單，但安裝的東西也比較少。
  實做目標：
    0.原本必要程式自動安裝
    1.圖標安裝
    2.瀏覽器安裝
    3.VS Code安裝
    4.GNU編譯器安裝
    5.Wine安裝
    6.bleachbit
    7.遠端安裝
    8.Krita安裝
    9.等化器安裝

